  [4;36;1mSQL (0.2ms)[0m   [0;1m SELECT name
 FROM sqlite_master
 WHERE type = 'table' AND NOT name = 'sqlite_sequence'
[0m
  [4;35;1mSQL (0.2ms)[0m   [0mselect sqlite_version(*)[0m
  [4;36;1mSQL (2.2ms)[0m   [0;1mCREATE TABLE "schema_migrations" ("version" varchar(255) NOT NULL) [0m
  [4;35;1mSQL (1.6ms)[0m   [0mCREATE UNIQUE INDEX "unique_schema_migrations" ON "schema_migrations" ("version")[0m
  [4;36;1mSQL (0.3ms)[0m   [0;1m SELECT name
 FROM sqlite_master
 WHERE type = 'table' AND NOT name = 'sqlite_sequence'
[0m
  [4;35;1mSQL (0.1ms)[0m   [0mSELECT version FROM schema_migrations[0m
Migrating to AddUsers (20090720193349)
  [4;36;1mSQL (1.6ms)[0m   [0;1mCREATE TABLE "users" ("id" INTEGER PRIMARY KEY AUTOINCREMENT NOT NULL, "email" varchar(255), "encrypted_password" varchar(128), "salt" varchar(128), "token" varchar(128), "token_expires_at" datetime, "email_confirmed" boolean DEFAULT 'f' NOT NULL) [0m
  [4;35;1mSQL (0.2ms)[0m   [0mCREATE INDEX "index_users_on_id_and_token" ON "users" ("id", "token")[0m
  [4;36;1mSQL (0.1ms)[0m   [0;1mCREATE INDEX "index_users_on_email" ON "users" ("email")[0m
  [4;35;1mSQL (0.2ms)[0m   [0mCREATE INDEX "index_users_on_token" ON "users" ("token")[0m
  [4;36;1mSQL (0.1ms)[0m   [0;1mINSERT INTO schema_migrations (version) VALUES ('20090720193349')[0m
  [4;35;1mSQL (0.3ms)[0m   [0m SELECT name
 FROM sqlite_master
 WHERE type = 'table' AND NOT name = 'sqlite_sequence'
[0m
  [4;36;1mSQL (0.2ms)[0m   [0;1mSELECT version FROM schema_migrations[0m
  [4;35;1mSQL (0.2ms)[0m   [0m SELECT name
 FROM sqlite_master
 WHERE type = 'table' AND NOT name = 'sqlite_sequence'
[0m
  [4;36;1mSQL (0.3ms)[0m   [0;1mPRAGMA index_list("users")[0m
  [4;35;1mSQL (0.1ms)[0m   [0mPRAGMA index_info('index_users_on_token')[0m
  [4;36;1mSQL (0.1ms)[0m   [0;1mPRAGMA index_info('index_users_on_email')[0m
  [4;35;1mSQL (0.2ms)[0m   [0mPRAGMA index_info('index_users_on_id_and_token')[0m
  [4;36;1mSQL (0.5ms)[0m   [0;1m SELECT name
 FROM sqlite_master
 WHERE type = 'table' AND NOT name = 'sqlite_sequence'
[0m
  [4;35;1mSQL (0.2ms)[0m   [0mSELECT version FROM schema_migrations[0m
Migrating to AddUsers (20090720193349)
  [4;36;1mSQL (0.2ms)[0m   [0;1mselect sqlite_version(*)[0m
  [4;35;1mSQL (0.2ms)[0m   [0m SELECT name
 FROM sqlite_master
 WHERE type = 'table' AND NOT name = 'sqlite_sequence'
[0m
  [4;36;1mSQL (0.1ms)[0m   [0;1mSELECT version FROM schema_migrations[0m
  [4;35;1mSQL (0.2ms)[0m   [0m SELECT name
 FROM sqlite_master
 WHERE type = 'table' AND NOT name = 'sqlite_sequence'
[0m
  [4;36;1mSQL (0.2ms)[0m   [0;1mPRAGMA index_list("users")[0m
  [4;35;1mSQL (0.1ms)[0m   [0mPRAGMA index_info('index_users_on_token')[0m
  [4;36;1mSQL (0.1ms)[0m   [0;1mPRAGMA index_info('index_users_on_email')[0m
  [4;35;1mSQL (0.2ms)[0m   [0mPRAGMA index_info('index_users_on_id_and_token')[0m
  [4;36;1mSQL (0.6ms)[0m   [0;1m SELECT name
 FROM sqlite_master
 WHERE type = 'table' AND NOT name = 'sqlite_sequence'
[0m
  [4;35;1mSQL (0.2ms)[0m   [0mSELECT version FROM schema_migrations[0m
  [4;36;1mSQL (0.2ms)[0m   [0;1mselect sqlite_version(*)[0m
  [4;35;1mSQL (0.2ms)[0m   [0m SELECT name
 FROM sqlite_master
 WHERE type = 'table' AND NOT name = 'sqlite_sequence'
[0m
  [4;36;1mSQL (2.6ms)[0m   [0;1mCREATE TABLE "users" ("id" INTEGER PRIMARY KEY AUTOINCREMENT NOT NULL, "email" varchar(255), "encrypted_password" varchar(128), "salt" varchar(128), "token" varchar(128), "token_expires_at" datetime, "email_confirmed" boolean DEFAULT 'f' NOT NULL) [0m
  [4;35;1mSQL (2.1ms)[0m   [0mCREATE INDEX "index_users_on_email" ON "users" ("email")[0m
  [4;36;1mSQL (2.2ms)[0m   [0;1mCREATE INDEX "index_users_on_id_and_token" ON "users" ("id", "token")[0m
  [4;35;1mSQL (2.0ms)[0m   [0mCREATE INDEX "index_users_on_token" ON "users" ("token")[0m
  [4;36;1mSQL (0.4ms)[0m   [0;1m SELECT name
 FROM sqlite_master
 WHERE type = 'table' AND NOT name = 'sqlite_sequence'
[0m
  [4;35;1mSQL (1.5ms)[0m   [0mCREATE TABLE "schema_migrations" ("version" varchar(255) NOT NULL) [0m
  [4;36;1mSQL (1.6ms)[0m   [0;1mCREATE UNIQUE INDEX "unique_schema_migrations" ON "schema_migrations" ("version")[0m
  [4;35;1mSQL (0.3ms)[0m   [0m SELECT name
 FROM sqlite_master
 WHERE type = 'table' AND NOT name = 'sqlite_sequence'
[0m
  [4;36;1mSQL (0.1ms)[0m   [0;1mSELECT version FROM "schema_migrations"[0m
  [4;35;1mSQL (2.3ms)[0m   [0mINSERT INTO "schema_migrations" (version) VALUES ('20090720193349')[0m


Processing FeaturesController#index (for 127.0.0.1 at 2009-07-21 19:56:28) [GET]
Rendering template within layouts/courgette
Rendering features/index
Completed in 11ms (View: 10, DB: 0) | 200 OK [http://localhost/features]


Processing FeaturesController#index (for 127.0.0.1 at 2009-07-21 19:57:17) [GET]
Rendering template within layouts/courgette
Rendering features/index
Completed in 4ms (View: 4, DB: 0) | 200 OK [http://localhost/features]


Processing FeaturesController#index (for 127.0.0.1 at 2009-07-21 19:57:18) [GET]
Rendering template within layouts/courgette
Rendering features/index
Completed in 1ms (View: 1, DB: 0) | 200 OK [http://localhost/features]


Processing FeaturesController#index (for 127.0.0.1 at 2009-07-21 19:57:25) [GET]
Rendering template within layouts/courgette
Rendering features/index
Completed in 4ms (View: 4, DB: 0) | 200 OK [http://localhost/features]


Processing FeaturesController#index (for 127.0.0.1 at 2009-07-21 19:57:30) [GET]
Rendering template within layouts/courgette
Rendering features/index
Completed in 4ms (View: 4, DB: 0) | 200 OK [http://localhost/features]


Processing FeaturesController#index (for 127.0.0.1 at 2009-07-21 19:57:40) [GET]
Rendering template within layouts/courgette
Rendering features/index
Completed in 4ms (View: 4, DB: 0) | 200 OK [http://localhost/features]


Processing FeaturesController#index (for 127.0.0.1 at 2009-07-21 19:57:48) [GET]
Rendering template within layouts/courgette
Rendering features/index
Completed in 4ms (View: 4, DB: 0) | 200 OK [http://localhost/features]


Processing FeaturesController#index (for 127.0.0.1 at 2009-07-21 19:58:50) [GET]
Rendering template within layouts/courgette
Rendering features/index
Completed in 5ms (View: 5, DB: 0) | 200 OK [http://localhost/features]


Processing FeaturesController#index (for 127.0.0.1 at 2009-07-21 19:59:16) [GET]
Rendering template within layouts/courgette
Rendering features/index
Completed in 4ms (View: 4, DB: 0) | 200 OK [http://localhost/features]
